{"G:\\GitMain\\hackaton\\adahack-2024-backend\\Entregas\\BE-4\\src\\middlewares\\validations\\validationsFunctions\\validateEmailInput.js": {"path":"G:\\GitMain\\hackaton\\adahack-2024-backend\\Entregas\\BE-4\\src\\middlewares\\validations\\validationsFunctions\\validateEmailInput.js","statementMap":{"0":{"start":{"line":2,"column":18},"end":{"line":2,"column":68}},"1":{"start":{"line":4,"column":4},"end":{"line":4,"column":29}},"2":{"start":{"line":7,"column":0},"end":{"line":7,"column":36}}},"fnMap":{"0":{"name":"validateEmailInput","decl":{"start":{"line":1,"column":9},"end":{"line":1,"column":27}},"loc":{"start":{"line":1,"column":35},"end":{"line":5,"column":1}},"line":1}},"branchMap":{},"s":{"0":2,"1":2,"2":1},"f":{"0":2},"b":{},"_coverageSchema":"1a1c01bbd47fc00a2c39e90264f33305004495a9","hash":"a965e67f46ba520e0cda64293279a3600f32f6f3"}
,"G:\\GitMain\\hackaton\\adahack-2024-backend\\Entregas\\BE-4\\src\\middlewares\\validations\\validationsFunctions\\stringValidations\\stringValidations.js": {"path":"G:\\GitMain\\hackaton\\adahack-2024-backend\\Entregas\\BE-4\\src\\middlewares\\validations\\validationsFunctions\\stringValidations\\stringValidations.js","statementMap":{"0":{"start":{"line":2,"column":4},"end":{"line":2,"column":37}},"1":{"start":{"line":6,"column":4},"end":{"line":6,"column":30}},"2":{"start":{"line":10,"column":4},"end":{"line":10,"column":32}},"3":{"start":{"line":14,"column":4},"end":{"line":14,"column":29}},"4":{"start":{"line":17,"column":0},"end":{"line":21,"column":39}}},"fnMap":{"0":{"name":"isAStringType","decl":{"start":{"line":1,"column":9},"end":{"line":1,"column":22}},"loc":{"start":{"line":1,"column":31},"end":{"line":3,"column":1}},"line":1},"1":{"name":"isAEmptyString","decl":{"start":{"line":5,"column":9},"end":{"line":5,"column":23}},"loc":{"start":{"line":5,"column":32},"end":{"line":7,"column":1}},"line":5},"2":{"name":"isAFullSpaceString","decl":{"start":{"line":9,"column":9},"end":{"line":9,"column":27}},"loc":{"start":{"line":9,"column":36},"end":{"line":11,"column":1}},"line":9},"3":{"name":"isAStringGreaterThenTwoCharacters","decl":{"start":{"line":13,"column":9},"end":{"line":13,"column":42}},"loc":{"start":{"line":13,"column":51},"end":{"line":15,"column":1}},"line":13}},"branchMap":{},"s":{"0":30,"1":3,"2":2,"3":3,"4":1},"f":{"0":30,"1":3,"2":2,"3":3},"b":{},"_coverageSchema":"1a1c01bbd47fc00a2c39e90264f33305004495a9","hash":"b6ef0583c3748d011c888142a80094d6f1a72230"}
}
