TN:
SF:src\middlewares\validations\validationsFunctions\validateEmailInput.js
FN:1,validateEmailInput
FNF:1
FNH:1
FNDA:2,validateEmailInput
DA:2,2
DA:4,2
DA:7,1
LF:3
LH:3
BRF:0
BRH:0
end_of_record
TN:
SF:src\middlewares\validations\validationsFunctions\stringValidations\stringValidations.js
FN:1,isAStringType
FN:5,isAEmptyString
FN:9,isAFullSpaceString
FN:13,isAStringGreaterThenTwoCharacters
FNF:4
FNH:4
FNDA:30,isAStringType
FNDA:3,isAEmptyString
FNDA:2,isAFullSpaceString
FNDA:3,isAStringGreaterThenTwoCharacters
DA:2,30
DA:6,3
DA:10,2
DA:14,3
DA:17,1
LF:5
LH:5
BRF:0
BRH:0
end_of_record
